<?xml version="1.0" encoding="UTF-8"?>
<testng-results ignored="0" total="3" passed="3" failed="0" skipped="0">
  <reporter-output>
  </reporter-output>
  <suite started-at="2022-09-16T13:34:08 EDT" name="Suite" finished-at="2022-09-16T13:34:29 EDT" duration-ms="20941">
    <groups>
    </groups>
    <test started-at="2022-09-16T13:34:08 EDT" name="Test" finished-at="2022-09-16T13:34:29 EDT" duration-ms="20941">
      <class name="com.test.qStoreTest">
        <test-method is-config="true" signature="beforeSuite()[pri:0, instance:com.test.qStoreTest@23c30a20]" started-at="2022-09-16T13:34:08 EDT" name="beforeSuite" finished-at="2022-09-16T13:34:08 EDT" duration-ms="239" status="PASS">
          <reporter-output>
          </reporter-output>
        </test-method> <!-- beforeSuite -->
        <test-method is-config="true" signature="setup()[pri:0, instance:com.test.qStoreTest@23c30a20]" started-at="2022-09-16T13:34:08 EDT" name="setup" finished-at="2022-09-16T13:34:12 EDT" duration-ms="4579" status="PASS">
          <reporter-output>
          </reporter-output>
        </test-method> <!-- setup -->
        <test-method signature="loginTest()[pri:0, instance:com.test.qStoreTest@23c30a20]" started-at="2022-09-16T13:34:12 EDT" name="loginTest" finished-at="2022-09-16T13:34:21 EDT" duration-ms="8292" status="PASS">
          <reporter-output>
          </reporter-output>
        </test-method> <!-- loginTest -->
        <test-method is-config="true" signature="tearDown()[pri:0, instance:com.test.qStoreTest@23c30a20]" started-at="2022-09-16T13:34:21 EDT" name="tearDown" finished-at="2022-09-16T13:34:21 EDT" duration-ms="76" status="PASS">
          <reporter-output>
          </reporter-output>
        </test-method> <!-- tearDown -->
        <test-method is-config="true" signature="setup()[pri:0, instance:com.test.qStoreTest@23c30a20]" started-at="2022-09-16T13:34:21 EDT" name="setup" finished-at="2022-09-16T13:34:25 EDT" duration-ms="4643" status="PASS">
          <reporter-output>
          </reporter-output>
        </test-method> <!-- setup -->
        <test-method signature="sampleTest()[pri:0, instance:com.test.qStoreTest@23c30a20]" started-at="2022-09-16T13:34:25 EDT" name="sampleTest" finished-at="2022-09-16T13:34:25 EDT" duration-ms="2" status="PASS">
          <reporter-output>
          </reporter-output>
        </test-method> <!-- sampleTest -->
        <test-method is-config="true" signature="tearDown()[pri:0, instance:com.test.qStoreTest@23c30a20]" started-at="2022-09-16T13:34:25 EDT" name="tearDown" finished-at="2022-09-16T13:34:26 EDT" duration-ms="70" status="PASS">
          <reporter-output>
          </reporter-output>
        </test-method> <!-- tearDown -->
        <test-method is-config="true" signature="setup()[pri:0, instance:com.test.qStoreTest@23c30a20]" started-at="2022-09-16T13:34:26 EDT" name="setup" finished-at="2022-09-16T13:34:29 EDT" duration-ms="3062" status="PASS">
          <reporter-output>
          </reporter-output>
        </test-method> <!-- setup -->
        <test-method signature="verifyLogoTest()[pri:0, instance:com.test.qStoreTest@23c30a20]" started-at="2022-09-16T13:34:29 EDT" name="verifyLogoTest" finished-at="2022-09-16T13:34:29 EDT" duration-ms="89" status="PASS">
          <reporter-output>
          </reporter-output>
        </test-method> <!-- verifyLogoTest -->
        <test-method is-config="true" signature="tearDown()[pri:0, instance:com.test.qStoreTest@23c30a20]" started-at="2022-09-16T13:34:29 EDT" name="tearDown" finished-at="2022-09-16T13:34:29 EDT" duration-ms="63" status="PASS">
          <reporter-output>
          </reporter-output>
        </test-method> <!-- tearDown -->
        <test-method is-config="true" signature="afterSuite()[pri:0, instance:com.test.qStoreTest@23c30a20]" started-at="2022-09-16T13:34:29 EDT" name="afterSuite" finished-at="2022-09-16T13:34:29 EDT" duration-ms="432" status="PASS">
          <reporter-output>
          </reporter-output>
        </test-method> <!-- afterSuite -->
      </class> <!-- com.test.qStoreTest -->
    </test> <!-- Test -->
  </suite> <!-- Suite -->
</testng-results>
