<?xml version="1.0" encoding="UTF-8"?>
<!-- Generated by org.testng.reporters.JUnitXMLReporter -->
<testsuite ignored="0" hostname="DESKTOP-SOTA0LM" failures="0" tests="3" name="Default test" time="22.636" errors="0" timestamp="2022-09-10T20:17:02 EDT">
  <testcase classname="com.test.qStoreTest" name="loginTest" time="7.927"/>
  <testcase classname="com.test.qStoreTest" name="sampleTest" time="0.003"/>
  <testcase classname="com.test.qStoreTest" name="verifyLogoTest" time="0.079"/>
</testsuite> <!-- Default test -->
