<?xml version="1.0" encoding="UTF-8"?>
<!-- Generated by org.testng.reporters.JUnitXMLReporter -->
<testsuite ignored="0" hostname="DESKTOP-SOTA0LM" failures="0" tests="3" name="Test" time="20.941" errors="0" timestamp="2022-09-16T13:34:29 EDT">
  <testcase classname="com.test.qStoreTest" name="loginTest" time="8.292"/>
  <testcase classname="com.test.qStoreTest" name="sampleTest" time="0.002"/>
  <testcase classname="com.test.qStoreTest" name="verifyLogoTest" time="0.089"/>
</testsuite> <!-- Test -->
