<?xml version="1.0" encoding="UTF-8"?>
<!-- Generated by org.testng.reporters.JUnitXMLReporter -->
<testsuite ignored="0" hostname="DESKTOP-SOTA0LM" failures="1" tests="3" name="Test" time="13.414" errors="0" timestamp="2022-09-11T16:53:32 EDT">
  <testcase classname="com.test.qStoreTest" name="loginTest" time="2.806">
    <failure type="java.lang.AssertionError" message="expected [My account - My Store_1] but found [My account - My Store]">
      <![CDATA[java.lang.AssertionError: expected [My account - My Store_1] but found [My account - My Store]
at com.test.qStoreTest.loginTest(qStoreTest.java:29)
at java.base/java.util.ArrayList.forEach(ArrayList.java:1541)
... Removed 33 stack frames]]>
    </failure>
  </testcase> <!-- loginTest -->
  <testcase classname="com.test.qStoreTest" name="sampleTest" time="0.002"/>
  <testcase classname="com.test.qStoreTest" name="verifyLogoTest" time="0.08"/>
</testsuite> <!-- Test -->
